2020-08-13 10:03:59.914  INFO 18388 --- [main] c.faraway.auditall.AuditallApplication   : Starting AuditallApplication on Fan with PID 18388 (C:\Users\Fan\IdeaProjects\auditall\target\classes started by Fan in C:\Users\Fan\IdeaProjects\auditall)
2020-08-13 10:03:59.935  INFO 18388 --- [main] c.faraway.auditall.AuditallApplication   : The following profiles are active: dev
2020-08-13 10:04:03.000  INFO 18388 --- [main] o.s.b.w.embedded.tomcat.TomcatWebServer  : Tomcat initialized with port(s): 8800 (http)
2020-08-13 10:04:03.025  INFO 18388 --- [main] o.apache.catalina.core.StandardService   : Starting service [Tomcat]
2020-08-13 10:04:03.026  INFO 18388 --- [main] org.apache.catalina.core.StandardEngine  : Starting Servlet engine: [Apache Tomcat/9.0.35]
2020-08-13 10:04:03.428  INFO 18388 --- [main] o.a.c.c.C.[Tomcat].[localhost].[/]       : Initializing Spring embedded WebApplicationContext
2020-08-13 10:04:03.428  INFO 18388 --- [main] o.s.web.context.ContextLoader            : Root WebApplicationContext: initialization completed in 3214 ms
2020-08-13 10:04:04.857  INFO 18388 --- [main] com.zaxxer.hikari.HikariDataSource       : HikariPool-1 - Starting...
2020-08-13 10:04:05.785  INFO 18388 --- [main] com.zaxxer.hikari.HikariDataSource       : HikariPool-1 - Start completed.
2020-08-13 10:04:07.170  INFO 18388 --- [main] o.s.s.concurrent.ThreadPoolTaskExecutor  : Initializing ExecutorService 'applicationTaskExecutor'
2020-08-13 10:04:07.523  INFO 18388 --- [main] o.s.s.c.ThreadPoolTaskScheduler          : Initializing ExecutorService 'taskScheduler'
2020-08-13 10:04:07.595  INFO 18388 --- [main] o.s.b.w.embedded.tomcat.TomcatWebServer  : Tomcat started on port(s): 8800 (http) with context path ''
2020-08-13 10:04:07.623  INFO 18388 --- [main] c.faraway.auditall.AuditallApplication   : Started AuditallApplication in 9.457 seconds (JVM running for 13.988)
2020-08-13 10:04:37.212  INFO 18388 --- [http-nio-8800-exec-1] o.a.c.c.C.[Tomcat].[localhost].[/]       : Initializing Spring DispatcherServlet 'dispatcherServlet'
2020-08-13 10:04:37.213  INFO 18388 --- [http-nio-8800-exec-1] o.s.web.servlet.DispatcherServlet        : Initializing Servlet 'dispatcherServlet'
2020-08-13 10:04:37.221  INFO 18388 --- [http-nio-8800-exec-1] o.s.web.servlet.DispatcherServlet        : Completed initialization in 7 ms
2020-08-13 10:10:17.750  INFO 24088 --- [main] c.faraway.auditall.AuditallApplication   : Starting AuditallApplication on Fan with PID 24088 (C:\Users\Fan\IdeaProjects\auditall\target\classes started by Fan in C:\Users\Fan\IdeaProjects\auditall)
2020-08-13 10:10:17.755  INFO 24088 --- [main] c.faraway.auditall.AuditallApplication   : The following profiles are active: dev
2020-08-13 10:10:21.476  INFO 24088 --- [main] o.s.b.w.embedded.tomcat.TomcatWebServer  : Tomcat initialized with port(s): 8800 (http)
2020-08-13 10:10:21.489  INFO 24088 --- [main] o.apache.catalina.core.StandardService   : Starting service [Tomcat]
2020-08-13 10:10:21.490  INFO 24088 --- [main] org.apache.catalina.core.StandardEngine  : Starting Servlet engine: [Apache Tomcat/9.0.35]
2020-08-13 10:10:21.681  INFO 24088 --- [main] o.a.c.c.C.[Tomcat].[localhost].[/]       : Initializing Spring embedded WebApplicationContext
2020-08-13 10:10:21.682  INFO 24088 --- [main] o.s.web.context.ContextLoader            : Root WebApplicationContext: initialization completed in 3797 ms
2020-08-13 10:10:21.994  INFO 24088 --- [main] com.zaxxer.hikari.HikariDataSource       : HikariPool-1 - Starting...
2020-08-13 10:10:22.138  INFO 24088 --- [main] com.zaxxer.hikari.HikariDataSource       : HikariPool-1 - Start completed.
2020-08-13 10:10:22.815  INFO 24088 --- [main] o.s.s.concurrent.ThreadPoolTaskExecutor  : Initializing ExecutorService 'applicationTaskExecutor'
2020-08-13 10:10:23.092  INFO 24088 --- [main] o.s.s.c.ThreadPoolTaskScheduler          : Initializing ExecutorService 'taskScheduler'
2020-08-13 10:10:23.157  INFO 24088 --- [main] o.s.b.w.embedded.tomcat.TomcatWebServer  : Tomcat started on port(s): 8800 (http) with context path ''
2020-08-13 10:10:23.175  INFO 24088 --- [main] c.faraway.auditall.AuditallApplication   : Started AuditallApplication in 6.675 seconds (JVM running for 8.869)
2020-08-13 10:10:34.346  INFO 24088 --- [http-nio-8800-exec-1] o.a.c.c.C.[Tomcat].[localhost].[/]       : Initializing Spring DispatcherServlet 'dispatcherServlet'
2020-08-13 10:10:34.346  INFO 24088 --- [http-nio-8800-exec-1] o.s.web.servlet.DispatcherServlet        : Initializing Servlet 'dispatcherServlet'
2020-08-13 10:10:34.355  INFO 24088 --- [http-nio-8800-exec-1] o.s.web.servlet.DispatcherServlet        : Completed initialization in 8 ms
